<?xml version="1.0" encoding="UTF-8"?>
<!-- Generated by org.testng.reporters.JUnitReportReporter -->
<testsuite hostname="DESKTOP-95JFACC" failures="0" tests="2" name="academy.Mavenjava.SeleniumTest" time="0.010" errors="0" timestamp="2022-03-24T22:25:48 IST" skipped="0">
  <testcase classname="academy.Mavenjava.SeleniumTest" name="BrowserAutomation" time="0.009"/>
  <system-out/>
  <testcase classname="academy.Mavenjava.SeleniumTest" name="elementsUI" time="0.001"/>
  <system-out/>
</testsuite> <!-- academy.Mavenjava.SeleniumTest -->
