<?xml version="1.0" encoding="UTF-8"?>
<!-- Generated by org.testng.reporters.JUnitReportReporter -->
<testsuite hostname="DESKTOP-95JFACC" failures="0" tests="2" name="academy.Mavenjava.AppiumTest" time="0.003" errors="0" timestamp="2022-03-24T22:25:47 IST" skipped="0">
  <testcase classname="academy.Mavenjava.AppiumTest" name="NativeAppAndroied" time="0.001"/>
  <system-out/>
  <testcase classname="academy.Mavenjava.AppiumTest" name="IosApps" time="0.002"/>
  <system-out/>
</testsuite> <!-- academy.Mavenjava.AppiumTest -->
