<?xml version="1.0" encoding="UTF-8"?>
<!-- Generated by org.testng.reporters.JUnitReportReporter -->
<testsuite skipped="0" hostname="DESKTOP-95JFACC" name="academy.Mavenjava.SeleniumTest" tests="2" failures="0" timestamp="2022-03-25T13:00:51 IST" time="0.010" errors="0">
  <testcase name="elementsUI" time="0.001" classname="academy.Mavenjava.SeleniumTest"/>
  <system-out/>
  <testcase name="BrowserAutomation" time="0.009" classname="academy.Mavenjava.SeleniumTest"/>
  <system-out/>
</testsuite> <!-- academy.Mavenjava.SeleniumTest -->
