<?xml version="1.0" encoding="UTF-8"?>
<!-- Generated by org.testng.reporters.JUnitReportReporter -->
<testsuite skipped="0" hostname="DESKTOP-95JFACC" name="academy.Mavenjava.RestAPITest" tests="2" failures="0" timestamp="2022-03-25T13:00:51 IST" time="0.001" errors="0">
  <testcase name="deleteTwitter" time="0.001" classname="academy.Mavenjava.RestAPITest"/>
  <system-out/>
  <testcase name="PostJira" time="0.000" classname="academy.Mavenjava.RestAPITest"/>
  <system-out/>
</testsuite> <!-- academy.Mavenjava.RestAPITest -->
