<?xml version="1.0" encoding="UTF-8"?>
<!-- Generated by org.testng.reporters.JUnitReportReporter -->
<testsuite skipped="0" hostname="DESKTOP-95JFACC" name="academy.Mavenjava.AppiumTest" tests="2" failures="0" timestamp="2022-03-25T13:00:51 IST" time="0.000" errors="0">
  <testcase name="NativeAppAndroied" time="0.000" classname="academy.Mavenjava.AppiumTest"/>
  <system-out/>
  <testcase name="IosApps" time="0.000" classname="academy.Mavenjava.AppiumTest"/>
  <system-out/>
</testsuite> <!-- academy.Mavenjava.AppiumTest -->
